[0.033s] Invoking command in '/mnt/data/xgs/code/start/build/start': CMAKE_PREFIX_PATH=/opt/ros/foxy CONDA_PROMPT_MODIFIER=(base) _=/usr/bin/env /usr/local/bin/cmake /mnt/data/xgs/code/start -DCMAKE_INSTALL_PREFIX=/mnt/data/xgs/code/start/install/start
[0.314s] -- The C compiler identification is GNU 9.4.0
[0.452s] -- The CXX compiler identification is GNU 9.4.0
[0.456s] -- Check for working C compiler: /usr/bin/cc
[0.537s] -- Check for working C compiler: /usr/bin/cc -- works
[0.537s] -- Detecting C compiler ABI info
[0.608s] -- Detecting C compiler ABI info - done
[0.619s] -- Detecting C compile features
[0.619s] -- Detecting C compile features - done
[0.621s] -- Check for working CXX compiler: /usr/bin/c++
[0.717s] -- Check for working CXX compiler: /usr/bin/c++ -- works
[0.718s] -- Detecting CXX compiler ABI info
[0.855s] -- Detecting CXX compiler ABI info - done
[0.865s] -- Detecting CXX compile features
[0.865s] -- Detecting CXX compile features - done
[0.871s] -- Found ament_cmake: 0.9.12 (/opt/ros/foxy/share/ament_cmake/cmake)
[0.898s] -- Found PythonInterp: /usr/local/anaconda3/bin/python3 (found suitable version "3.7", minimum required is "3") 
[0.898s] -- Using PYTHON_EXECUTABLE: /usr/local/anaconda3/bin/python3
[1.209s] -- Found ament_lint_auto: 0.9.8 (/opt/ros/foxy/share/ament_lint_auto/cmake)
[1.227s] Traceback (most recent call last):
[1.227s]   File "/opt/ros/foxy/share/ament_cmake_core/cmake/core/package_xml_2_cmake.py", line 21, in <module>
[1.227s]     from catkin_pkg.package import parse_package_string
[1.227s] ModuleNotFoundError: No module named 'catkin_pkg'
[1.229s] CMake Error at /opt/ros/foxy/share/ament_cmake_core/cmake/core/ament_package_xml.cmake:94 (message):
[1.229s]   execute_process(/usr/local/anaconda3/bin/python3
[1.229s]   /opt/ros/foxy/share/ament_cmake_core/cmake/core/package_xml_2_cmake.py
[1.229s]   /mnt/data/xgs/code/start/package.xml
[1.229s]   /mnt/data/xgs/code/start/build/start/ament_cmake_core/package.cmake)
[1.229s]   returned error code 1
[1.229s] Call Stack (most recent call first):
[1.229s]   /opt/ros/foxy/share/ament_cmake_core/cmake/core/ament_package_xml.cmake:49 (_ament_package_xml)
[1.229s]   /opt/ros/foxy/share/ament_lint_auto/cmake/ament_lint_auto_find_test_dependencies.cmake:31 (ament_package_xml)
[1.229s]   CMakeLists.txt:23 (ament_lint_auto_find_test_dependencies)
[1.230s] 
[1.230s] 
[1.230s] -- Configuring incomplete, errors occurred!
[1.230s] See also "/mnt/data/xgs/code/start/build/start/CMakeFiles/CMakeOutput.log".
[1.237s] Invoked command in '/mnt/data/xgs/code/start/build/start' returned '1': CMAKE_PREFIX_PATH=/opt/ros/foxy CONDA_PROMPT_MODIFIER=(base) _=/usr/bin/env /usr/local/bin/cmake /mnt/data/xgs/code/start -DCMAKE_INSTALL_PREFIX=/mnt/data/xgs/code/start/install/start
