[0.180s] Invoking command in '/mnt/data/xgs/code/start/build/hello_word': CMAKE_PREFIX_PATH=/opt/ros/foxy CONDA_PROMPT_MODIFIER=(base) _=/usr/bin/env /usr/local/bin/cmake /mnt/data/xgs/code/start -DCMAKE_INSTALL_PREFIX=/mnt/data/xgs/code/start/install/hello_word
[0.564s] -- The C compiler identification is GNU 9.4.0
[0.800s] -- The CXX compiler identification is GNU 9.4.0
[0.810s] -- Check for working C compiler: /usr/bin/cc
[0.984s] -- Check for working C compiler: /usr/bin/cc -- works
[0.986s] -- Detecting C compiler ABI info
[1.076s] -- Detecting C compiler ABI info - done
[1.092s] -- Detecting C compile features
[1.093s] -- Detecting C compile features - done
[1.097s] -- Check for working CXX compiler: /usr/bin/c++
[1.151s] -- Check for working CXX compiler: /usr/bin/c++ -- works
[1.152s] -- Detecting CXX compiler ABI info
[1.201s] -- Detecting CXX compiler ABI info - done
[1.212s] -- Detecting CXX compile features
[1.212s] -- Detecting CXX compile features - done
[1.230s] -- Found ament_cmake: 0.9.12 (/opt/ros/foxy/share/ament_cmake/cmake)
[1.257s] -- Found PythonInterp: /usr/local/anaconda3/bin/python3 (found suitable version "3.7", minimum required is "3") 
[1.257s] -- Using PYTHON_EXECUTABLE: /usr/local/anaconda3/bin/python3
[1.607s] -- Found ament_lint_auto: 0.9.8 (/opt/ros/foxy/share/ament_lint_auto/cmake)
[1.626s] Traceback (most recent call last):
[1.626s]   File "/opt/ros/foxy/share/ament_cmake_core/cmake/core/package_xml_2_cmake.py", line 21, in <module>
[1.626s]     from catkin_pkg.package import parse_package_string
[1.626s] ModuleNotFoundError: No module named 'catkin_pkg'
[1.628s] CMake Error at /opt/ros/foxy/share/ament_cmake_core/cmake/core/ament_package_xml.cmake:94 (message):
[1.628s]   execute_process(/usr/local/anaconda3/bin/python3
[1.628s]   /opt/ros/foxy/share/ament_cmake_core/cmake/core/package_xml_2_cmake.py
[1.628s]   /mnt/data/xgs/code/start/package.xml
[1.628s]   /mnt/data/xgs/code/start/build/hello_word/ament_cmake_core/package.cmake)
[1.628s]   returned error code 1
[1.628s] Call Stack (most recent call first):
[1.628s]   /opt/ros/foxy/share/ament_cmake_core/cmake/core/ament_package_xml.cmake:49 (_ament_package_xml)
[1.628s]   /opt/ros/foxy/share/ament_lint_auto/cmake/ament_lint_auto_find_test_dependencies.cmake:31 (ament_package_xml)
[1.628s]   CMakeLists.txt:23 (ament_lint_auto_find_test_dependencies)
[1.628s] 
[1.628s] 
[1.629s] -- Configuring incomplete, errors occurred!
[1.629s] See also "/mnt/data/xgs/code/start/build/hello_word/CMakeFiles/CMakeOutput.log".
[1.636s] Invoked command in '/mnt/data/xgs/code/start/build/hello_word' returned '1': CMAKE_PREFIX_PATH=/opt/ros/foxy CONDA_PROMPT_MODIFIER=(base) _=/usr/bin/env /usr/local/bin/cmake /mnt/data/xgs/code/start -DCMAKE_INSTALL_PREFIX=/mnt/data/xgs/code/start/install/hello_word
