[0.011s] Invoking command in '/mnt/data/xgs/code/start/build/start': CMAKE_PREFIX_PATH=/opt/ros/foxy _=/usr/bin/env /usr/local/bin/cmake /mnt/data/xgs/code/start -DCMAKE_INSTALL_PREFIX=/mnt/data/xgs/code/start/install/start
[0.042s] -- Found ament_cmake: 0.9.12 (/opt/ros/foxy/share/ament_cmake/cmake)
[0.059s] -- Using PYTHON_EXECUTABLE: /usr/local/anaconda3/bin/python3
[0.259s] -- Found ament_lint_auto: 0.9.8 (/opt/ros/foxy/share/ament_lint_auto/cmake)
[0.277s] Traceback (most recent call last):
[0.277s]   File "/opt/ros/foxy/share/ament_cmake_core/cmake/core/package_xml_2_cmake.py", line 21, in <module>
[0.277s]     from catkin_pkg.package import parse_package_string
[0.277s] ModuleNotFoundError: No module named 'catkin_pkg'
[0.279s] CMake Error at /opt/ros/foxy/share/ament_cmake_core/cmake/core/ament_package_xml.cmake:94 (message):
[0.279s]   execute_process(/usr/local/anaconda3/bin/python3
[0.279s]   /opt/ros/foxy/share/ament_cmake_core/cmake/core/package_xml_2_cmake.py
[0.279s]   /mnt/data/xgs/code/start/package.xml
[0.279s]   /mnt/data/xgs/code/start/build/start/ament_cmake_core/package.cmake)
[0.279s]   returned error code 1
[0.279s] Call Stack (most recent call first):
[0.279s]   /opt/ros/foxy/share/ament_cmake_core/cmake/core/ament_package_xml.cmake:49 (_ament_package_xml)
[0.279s]   /opt/ros/foxy/share/ament_lint_auto/cmake/ament_lint_auto_find_test_dependencies.cmake:31 (ament_package_xml)
[0.279s]   CMakeLists.txt:23 (ament_lint_auto_find_test_dependencies)
[0.279s] 
[0.279s] 
[0.279s] -- Configuring incomplete, errors occurred!
[0.279s] See also "/mnt/data/xgs/code/start/build/start/CMakeFiles/CMakeOutput.log".
[0.285s] Invoked command in '/mnt/data/xgs/code/start/build/start' returned '1': CMAKE_PREFIX_PATH=/opt/ros/foxy _=/usr/bin/env /usr/local/bin/cmake /mnt/data/xgs/code/start -DCMAKE_INSTALL_PREFIX=/mnt/data/xgs/code/start/install/start
