-- The C compiler identification is GNU 9.4.0
-- The CXX compiler identification is GNU 9.4.0
-- Check for working C compiler: /usr/bin/cc
-- Check for working C compiler: /usr/bin/cc -- works
-- Detecting C compiler ABI info
-- Detecting C compiler ABI info - done
-- Detecting C compile features
-- Detecting C compile features - done
-- Check for working CXX compiler: /usr/bin/c++
-- Check for working CXX compiler: /usr/bin/c++ -- works
-- Detecting CXX compiler ABI info
-- Detecting CXX compiler ABI info - done
-- Detecting CXX compile features
-- Detecting CXX compile features - done
-- Found ament_cmake: 0.9.12 (/opt/ros/foxy/share/ament_cmake/cmake)
-- Found PythonInterp: /usr/local/anaconda3/bin/python3 (found suitable version "3.7", minimum required is "3") 
-- Using PYTHON_EXECUTABLE: /usr/local/anaconda3/bin/python3
-- Found ament_lint_auto: 0.9.8 (/opt/ros/foxy/share/ament_lint_auto/cmake)
-- Found rclcpp: 2.4.3 (/opt/ros/foxy/share/rclcpp/cmake)
-- Using all available rosidl_typesupport_c: rosidl_typesupport_fastrtps_c;rosidl_typesupport_introspection_c
-- Found rosidl_adapter: 1.3.1 (/opt/ros/foxy/share/rosidl_adapter/cmake)
-- Found OpenSSL: /usr/lib/x86_64-linux-gnu/libcrypto.so (found version "1.1.1f")  
-- Found FastRTPS: /opt/ros/foxy/include  
-- Using all available rosidl_typesupport_cpp: rosidl_typesupport_fastrtps_cpp;rosidl_typesupport_introspection_cpp
-- Found rmw_implementation_cmake: 1.0.4 (/opt/ros/foxy/share/rmw_implementation_cmake/cmake)
-- Using RMW implementation 'rmw_fastrtps_cpp' as default
-- Looking for pthread.h
-- Looking for pthread.h - found
-- Performing Test CMAKE_HAVE_LIBC_PTHREAD
-- Performing Test CMAKE_HAVE_LIBC_PTHREAD - Failed
-- Looking for pthread_create in pthreads
-- Looking for pthread_create in pthreads - not found
-- Looking for pthread_create in pthread
-- Looking for pthread_create in pthread - found
-- Found Threads: TRUE  
-- Added test 'cppcheck' to perform static code analysis on C / C++ code
-- Configured cppcheck include dirs: 
-- Configured cppcheck exclude dirs and/or files: 
-- Added test 'flake8' to check Python code syntax and style conventions
-- Added test 'lint_cmake' to check CMake code style
-- Added test 'pep257' to check Python code against some of the style conventions in PEP 257
-- Added test 'uncrustify' to check C / C++ code style
-- Configured uncrustify additional arguments: 
-- Added test 'xmllint' to check XML markup files
-- Configuring done
-- Generating done
-- Build files have been written to: /mnt/data/xgs/code/start/build/start
[35m[1mScanning dependencies of target start[0m
[ 50%] [32mBuilding CXX object CMakeFiles/start.dir/src/start.cpp.o[0m
[100%] [32m[1mLinking CXX executable start[0m
[100%] Built target start
-- Install configuration: ""
-- Installing: /mnt/data/xgs/code/start/install/start/lib/start/start
-- Set runtime path of "/mnt/data/xgs/code/start/install/start/lib/start/start" to ""
-- Installing: /mnt/data/xgs/code/start/install/start/share/ament_index/resource_index/package_run_dependencies/start
-- Installing: /mnt/data/xgs/code/start/install/start/share/ament_index/resource_index/parent_prefix_path/start
-- Installing: /mnt/data/xgs/code/start/install/start/share/start/environment/ament_prefix_path.sh
-- Installing: /mnt/data/xgs/code/start/install/start/share/start/environment/ament_prefix_path.dsv
-- Installing: /mnt/data/xgs/code/start/install/start/share/start/environment/path.sh
-- Installing: /mnt/data/xgs/code/start/install/start/share/start/environment/path.dsv
-- Installing: /mnt/data/xgs/code/start/install/start/share/start/local_setup.bash
-- Installing: /mnt/data/xgs/code/start/install/start/share/start/local_setup.sh
-- Installing: /mnt/data/xgs/code/start/install/start/share/start/local_setup.zsh
-- Installing: /mnt/data/xgs/code/start/install/start/share/start/local_setup.dsv
-- Installing: /mnt/data/xgs/code/start/install/start/share/start/package.dsv
-- Installing: /mnt/data/xgs/code/start/install/start/share/ament_index/resource_index/packages/start
-- Installing: /mnt/data/xgs/code/start/install/start/share/start/cmake/startConfig.cmake
-- Installing: /mnt/data/xgs/code/start/install/start/share/start/cmake/startConfig-version.cmake
-- Installing: /mnt/data/xgs/code/start/install/start/share/start/package.xml
