[0.025s] Invoking command in '/mnt/data/xgs/code/start/build/start': CMAKE_PREFIX_PATH=/opt/ros/foxy CONDA_PROMPT_MODIFIER=(base) _=/usr/bin/env /usr/local/bin/cmake /mnt/data/xgs/code/start -DCMAKE_INSTALL_PREFIX=/mnt/data/xgs/code/start/install/start
[0.204s] -- The C compiler identification is GNU 9.4.0
[0.283s] -- The CXX compiler identification is GNU 9.4.0
[0.287s] -- Check for working C compiler: /usr/bin/cc
[0.366s] -- Check for working C compiler: /usr/bin/cc -- works
[0.367s] -- Detecting C compiler ABI info
[0.437s] -- Detecting C compiler ABI info - done
[0.450s] -- Detecting C compile features
[0.450s] -- Detecting C compile features - done
[0.453s] -- Check for working CXX compiler: /usr/bin/c++
[0.540s] -- Check for working CXX compiler: /usr/bin/c++ -- works
[0.541s] -- Detecting CXX compiler ABI info
[0.637s] -- Detecting CXX compiler ABI info - done
[0.647s] -- Detecting CXX compile features
[0.647s] -- Detecting CXX compile features - done
[0.651s] -- Found ament_cmake: 0.9.12 (/opt/ros/foxy/share/ament_cmake/cmake)
[0.675s] -- Found PythonInterp: /usr/local/anaconda3/bin/python3 (found suitable version "3.7", minimum required is "3") 
[0.675s] -- Using PYTHON_EXECUTABLE: /usr/local/anaconda3/bin/python3
[1.029s] -- Found ament_lint_auto: 0.9.8 (/opt/ros/foxy/share/ament_lint_auto/cmake)
[1.115s] -- Found rclcpp: 2.4.3 (/opt/ros/foxy/share/rclcpp/cmake)
[1.204s] -- Using all available rosidl_typesupport_c: rosidl_typesupport_fastrtps_c;rosidl_typesupport_introspection_c
[1.220s] -- Found rosidl_adapter: 1.3.1 (/opt/ros/foxy/share/rosidl_adapter/cmake)
[1.357s] -- Found OpenSSL: /usr/lib/x86_64-linux-gnu/libcrypto.so (found version "1.1.1f")  
[1.401s] -- Found FastRTPS: /opt/ros/foxy/include  
[1.508s] -- Using all available rosidl_typesupport_cpp: rosidl_typesupport_fastrtps_cpp;rosidl_typesupport_introspection_cpp
[1.581s] -- Found rmw_implementation_cmake: 1.0.4 (/opt/ros/foxy/share/rmw_implementation_cmake/cmake)
[1.583s] -- Using RMW implementation 'rmw_fastrtps_cpp' as default
[1.584s] -- Looking for pthread.h
[1.707s] -- Looking for pthread.h - found
[1.708s] -- Performing Test CMAKE_HAVE_LIBC_PTHREAD
[1.841s] -- Performing Test CMAKE_HAVE_LIBC_PTHREAD - Failed
[1.841s] -- Looking for pthread_create in pthreads
[1.913s] -- Looking for pthread_create in pthreads - not found
[1.913s] -- Looking for pthread_create in pthread
[1.993s] -- Looking for pthread_create in pthread - found
[1.994s] -- Found Threads: TRUE  
[2.479s] -- Added test 'cppcheck' to perform static code analysis on C / C++ code
[2.479s] -- Configured cppcheck include dirs: 
[2.480s] -- Configured cppcheck exclude dirs and/or files: 
[2.485s] -- Added test 'flake8' to check Python code syntax and style conventions
[2.506s] -- Added test 'lint_cmake' to check CMake code style
[2.541s] -- Added test 'pep257' to check Python code against some of the style conventions in PEP 257
[2.588s] -- Added test 'uncrustify' to check C / C++ code style
[2.588s] -- Configured uncrustify additional arguments: 
[2.608s] -- Added test 'xmllint' to check XML markup files
[2.633s] -- Configuring done
[2.842s] -- Generating done
[2.849s] -- Build files have been written to: /mnt/data/xgs/code/start/build/start
[2.879s] Invoked command in '/mnt/data/xgs/code/start/build/start' returned '0': CMAKE_PREFIX_PATH=/opt/ros/foxy CONDA_PROMPT_MODIFIER=(base) _=/usr/bin/env /usr/local/bin/cmake /mnt/data/xgs/code/start -DCMAKE_INSTALL_PREFIX=/mnt/data/xgs/code/start/install/start
[2.883s] Invoking command in '/mnt/data/xgs/code/start/build/start': CMAKE_PREFIX_PATH=/opt/ros/foxy CONDA_PROMPT_MODIFIER=(base) _=/usr/bin/env /usr/local/bin/cmake --build /mnt/data/xgs/code/start/build/start -- -j8 -l8
[2.945s] [35m[1mScanning dependencies of target start[0m
[3.049s] [ 50%] [32mBuilding CXX object CMakeFiles/start.dir/src/start.cpp.o[0m
[5.234s] [100%] [32m[1mLinking CXX executable start[0m
[5.371s] [100%] Built target start
[5.378s] Invoked command in '/mnt/data/xgs/code/start/build/start' returned '0': CMAKE_PREFIX_PATH=/opt/ros/foxy CONDA_PROMPT_MODIFIER=(base) _=/usr/bin/env /usr/local/bin/cmake --build /mnt/data/xgs/code/start/build/start -- -j8 -l8
[5.457s] Invoking command in '/mnt/data/xgs/code/start/build/start': CMAKE_PREFIX_PATH=/opt/ros/foxy CONDA_PROMPT_MODIFIER=(base) _=/usr/bin/env /usr/local/bin/cmake --install /mnt/data/xgs/code/start/build/start
[5.481s] -- Install configuration: ""
[5.532s] -- Installing: /mnt/data/xgs/code/start/install/start/lib/start/start
[5.537s] -- Set runtime path of "/mnt/data/xgs/code/start/install/start/lib/start/start" to ""
[5.538s] -- Installing: /mnt/data/xgs/code/start/install/start/share/ament_index/resource_index/package_run_dependencies/start
[5.539s] -- Installing: /mnt/data/xgs/code/start/install/start/share/ament_index/resource_index/parent_prefix_path/start
[5.540s] -- Installing: /mnt/data/xgs/code/start/install/start/share/start/environment/ament_prefix_path.sh
[5.540s] -- Installing: /mnt/data/xgs/code/start/install/start/share/start/environment/ament_prefix_path.dsv
[5.541s] -- Installing: /mnt/data/xgs/code/start/install/start/share/start/environment/path.sh
[5.542s] -- Installing: /mnt/data/xgs/code/start/install/start/share/start/environment/path.dsv
[5.542s] -- Installing: /mnt/data/xgs/code/start/install/start/share/start/local_setup.bash
[5.543s] -- Installing: /mnt/data/xgs/code/start/install/start/share/start/local_setup.sh
[5.544s] -- Installing: /mnt/data/xgs/code/start/install/start/share/start/local_setup.zsh
[5.544s] -- Installing: /mnt/data/xgs/code/start/install/start/share/start/local_setup.dsv
[5.545s] -- Installing: /mnt/data/xgs/code/start/install/start/share/start/package.dsv
[5.545s] -- Installing: /mnt/data/xgs/code/start/install/start/share/ament_index/resource_index/packages/start
[5.546s] -- Installing: /mnt/data/xgs/code/start/install/start/share/start/cmake/startConfig.cmake
[5.547s] -- Installing: /mnt/data/xgs/code/start/install/start/share/start/cmake/startConfig-version.cmake
[5.547s] -- Installing: /mnt/data/xgs/code/start/install/start/share/start/package.xml
[5.567s] Invoked command in '/mnt/data/xgs/code/start/build/start' returned '0': CMAKE_PREFIX_PATH=/opt/ros/foxy CONDA_PROMPT_MODIFIER=(base) _=/usr/bin/env /usr/local/bin/cmake --install /mnt/data/xgs/code/start/build/start
