[0.239s] DEBUG:colcon:Command line arguments: ['/usr/bin/colcon', 'build']
[0.239s] DEBUG:colcon:Parsed command line arguments: Namespace(allow_overriding=[], ament_cmake_args=None, base_paths=['.'], build_base='build', catkin_cmake_args=None, catkin_skip_building_tests=False, cmake_args=None, cmake_clean_cache=False, cmake_clean_first=False, cmake_force_configure=False, cmake_target=None, cmake_target_skip_unavailable=False, continue_on_error=False, event_handlers=None, executor='parallel', ignore_user_meta=False, install_base='install', log_base=None, log_level=None, main=<bound method BuildVerb.main of <colcon_core.verb.build.BuildVerb object at 0x7f3274f4c940>>, merge_install=False, metas=['./colcon.meta'], mixin=None, mixin_files=None, mixin_verb=('build',), packages_above=None, packages_above_and_dependencies=None, packages_above_depth=None, packages_end=None, packages_ignore=None, packages_ignore_regex=None, packages_select=None, packages_select_build_failed=False, packages_select_by_dep=None, packages_select_regex=None, packages_select_test_failures=False, packages_skip=None, packages_skip_build_finished=False, packages_skip_by_dep=None, packages_skip_regex=None, packages_skip_test_passed=False, packages_skip_up_to=None, packages_start=None, packages_up_to=None, packages_up_to_regex=None, parallel_workers=8, paths=None, symlink_install=False, test_result_base=None, verb_extension=<colcon_core.verb.build.BuildVerb object at 0x7f3274f4c940>, verb_name='build', verb_parser=<colcon_mixin.mixin.mixin_argument.MixinArgumentDecorator object at 0x7f3274edb1f0>)
[0.291s] Level 1:colcon.colcon_core.package_discovery:discover_packages(colcon_meta) check parameters
[0.291s] Level 1:colcon.colcon_core.package_discovery:discover_packages(recursive) check parameters
[0.291s] Level 1:colcon.colcon_core.package_discovery:discover_packages(ignore) check parameters
[0.291s] Level 1:colcon.colcon_core.package_discovery:discover_packages(path) check parameters
[0.291s] Level 1:colcon.colcon_core.package_discovery:discover_packages(colcon_meta) discover
[0.291s] Level 1:colcon.colcon_core.package_discovery:discover_packages(recursive) discover
[0.291s] INFO:colcon.colcon_core.package_discovery:Crawling recursively for packages in '/mnt/data/xgs/code/start'
[0.291s] Level 1:colcon.colcon_core.package_identification:_identify(.) by extensions ['ignore', 'ignore_ament_install']
[0.291s] Level 1:colcon.colcon_core.package_identification:_identify(.) by extension 'ignore'
[0.291s] Level 1:colcon.colcon_core.package_identification:_identify(.) by extension 'ignore_ament_install'
[0.291s] Level 1:colcon.colcon_core.package_identification:_identify(.) by extensions ['colcon_pkg']
[0.292s] Level 1:colcon.colcon_core.package_identification:_identify(.) by extension 'colcon_pkg'
[0.292s] Level 1:colcon.colcon_core.package_identification:_identify(.) by extensions ['colcon_meta']
[0.292s] Level 1:colcon.colcon_core.package_identification:_identify(.) by extension 'colcon_meta'
[0.292s] Level 1:colcon.colcon_core.package_identification:_identify(.) by extensions ['ros']
[0.292s] Level 1:colcon.colcon_core.package_identification:_identify(.) by extension 'ros'
[0.305s] DEBUG:colcon.colcon_core.package_identification:Package '.' with type 'ros.ament_cmake' and name 'start'
[0.305s] Level 1:colcon.colcon_core.package_discovery:discover_packages(recursive) using defaults
[0.305s] Level 1:colcon.colcon_core.package_discovery:discover_packages(ignore) discover
[0.305s] Level 1:colcon.colcon_core.package_discovery:discover_packages(ignore) using defaults
[0.306s] Level 1:colcon.colcon_core.package_discovery:discover_packages(path) discover
[0.306s] Level 1:colcon.colcon_core.package_discovery:discover_packages(path) using defaults
[0.321s] Level 1:colcon.colcon_core.package_discovery:discover_packages(prefix_path) check parameters
[0.321s] Level 1:colcon.colcon_core.package_discovery:discover_packages(prefix_path) discover
[0.326s] DEBUG:colcon.colcon_installed_package_information.package_discovery:Found 1049 installed packages in /opt/ros/foxy
[0.330s] Level 1:colcon.colcon_core.package_discovery:discover_packages(prefix_path) using defaults
[0.456s] Level 5:colcon.colcon_core.verb:set package 'start' build argument 'cmake_args' from command line to 'None'
[0.456s] Level 5:colcon.colcon_core.verb:set package 'start' build argument 'cmake_target' from command line to 'None'
[0.456s] Level 5:colcon.colcon_core.verb:set package 'start' build argument 'cmake_target_skip_unavailable' from command line to 'False'
[0.456s] Level 5:colcon.colcon_core.verb:set package 'start' build argument 'cmake_clean_cache' from command line to 'False'
[0.456s] Level 5:colcon.colcon_core.verb:set package 'start' build argument 'cmake_clean_first' from command line to 'False'
[0.456s] Level 5:colcon.colcon_core.verb:set package 'start' build argument 'cmake_force_configure' from command line to 'False'
[0.456s] Level 5:colcon.colcon_core.verb:set package 'start' build argument 'ament_cmake_args' from command line to 'None'
[0.456s] Level 5:colcon.colcon_core.verb:set package 'start' build argument 'catkin_cmake_args' from command line to 'None'
[0.456s] Level 5:colcon.colcon_core.verb:set package 'start' build argument 'catkin_skip_building_tests' from command line to 'False'
[0.456s] DEBUG:colcon.colcon_core.verb:Building package 'start' with the following arguments: {'ament_cmake_args': None, 'build_base': '/mnt/data/xgs/code/start/build/start', 'catkin_cmake_args': None, 'catkin_skip_building_tests': False, 'cmake_args': None, 'cmake_clean_cache': False, 'cmake_clean_first': False, 'cmake_force_configure': False, 'cmake_target': None, 'cmake_target_skip_unavailable': False, 'install_base': '/mnt/data/xgs/code/start/install/start', 'merge_install': False, 'path': '/mnt/data/xgs/code/start', 'symlink_install': False, 'test_result_base': None}
[0.456s] INFO:colcon.colcon_core.executor:Executing jobs using 'parallel' executor
[0.457s] DEBUG:colcon.colcon_parallel_executor.executor.parallel:run_until_complete
[0.458s] INFO:colcon.colcon_ros.task.ament_cmake.build:Building ROS package in '/mnt/data/xgs/code/start' with build type 'ament_cmake'
[0.458s] INFO:colcon.colcon_cmake.task.cmake.build:Building CMake package in '/mnt/data/xgs/code/start'
[0.459s] INFO:colcon.colcon_core.plugin_system:Skipping extension 'colcon_core.shell.bat': Not used on non-Windows systems
[0.459s] INFO:colcon.colcon_core.shell:Skip shell extension 'powershell' for command environment: Not usable outside of PowerShell
[0.459s] DEBUG:colcon.colcon_core.shell:Skip shell extension 'dsv' for command environment
[0.483s] DEBUG:colcon.colcon_core.event_handler.log_command:Invoking command in '/mnt/data/xgs/code/start/build/start': CMAKE_PREFIX_PATH=/opt/ros/foxy CONDA_PROMPT_MODIFIER=(base) _=/usr/bin/env /usr/local/bin/cmake /mnt/data/xgs/code/start -DCMAKE_INSTALL_PREFIX=/mnt/data/xgs/code/start/install/start
[3.338s] DEBUG:colcon.colcon_core.event_handler.log_command:Invoked command in '/mnt/data/xgs/code/start/build/start' returned '0': CMAKE_PREFIX_PATH=/opt/ros/foxy CONDA_PROMPT_MODIFIER=(base) _=/usr/bin/env /usr/local/bin/cmake /mnt/data/xgs/code/start -DCMAKE_INSTALL_PREFIX=/mnt/data/xgs/code/start/install/start
[3.341s] DEBUG:colcon.colcon_core.event_handler.log_command:Invoking command in '/mnt/data/xgs/code/start/build/start': CMAKE_PREFIX_PATH=/opt/ros/foxy CONDA_PROMPT_MODIFIER=(base) _=/usr/bin/env /usr/local/bin/cmake --build /mnt/data/xgs/code/start/build/start -- -j8 -l8
[5.836s] DEBUG:colcon.colcon_core.event_handler.log_command:Invoked command in '/mnt/data/xgs/code/start/build/start' returned '0': CMAKE_PREFIX_PATH=/opt/ros/foxy CONDA_PROMPT_MODIFIER=(base) _=/usr/bin/env /usr/local/bin/cmake --build /mnt/data/xgs/code/start/build/start -- -j8 -l8
[5.915s] DEBUG:colcon.colcon_core.event_handler.log_command:Invoking command in '/mnt/data/xgs/code/start/build/start': CMAKE_PREFIX_PATH=/opt/ros/foxy CONDA_PROMPT_MODIFIER=(base) _=/usr/bin/env /usr/local/bin/cmake --install /mnt/data/xgs/code/start/build/start
[6.023s] Level 1:colcon.colcon_core.environment:create_environment_scripts_only(start)
[6.025s] DEBUG:colcon.colcon_core.event_handler.log_command:Invoked command in '/mnt/data/xgs/code/start/build/start' returned '0': CMAKE_PREFIX_PATH=/opt/ros/foxy CONDA_PROMPT_MODIFIER=(base) _=/usr/bin/env /usr/local/bin/cmake --install /mnt/data/xgs/code/start/build/start
[6.030s] Level 1:colcon.colcon_core.environment:checking '/mnt/data/xgs/code/start/install/start' for CMake module files
[6.031s] Level 1:colcon.colcon_core.environment:checking '/mnt/data/xgs/code/start/install/start' for CMake config files
[6.032s] Level 1:colcon.colcon_core.shell:create_environment_hook('start', 'cmake_prefix_path')
[6.032s] INFO:colcon.colcon_core.shell:Creating environment hook '/mnt/data/xgs/code/start/install/start/share/start/hook/cmake_prefix_path.ps1'
[6.035s] INFO:colcon.colcon_core.shell:Creating environment descriptor '/mnt/data/xgs/code/start/install/start/share/start/hook/cmake_prefix_path.dsv'
[6.037s] INFO:colcon.colcon_core.shell:Creating environment hook '/mnt/data/xgs/code/start/install/start/share/start/hook/cmake_prefix_path.sh'
[6.039s] Level 1:colcon.colcon_core.environment:checking '/mnt/data/xgs/code/start/install/start/lib'
[6.039s] Level 1:colcon.colcon_core.environment:checking '/mnt/data/xgs/code/start/install/start/bin'
[6.039s] Level 1:colcon.colcon_core.environment:checking '/mnt/data/xgs/code/start/install/start/lib/pkgconfig/start.pc'
[6.040s] Level 1:colcon.colcon_core.environment:checking '/mnt/data/xgs/code/start/install/start/lib/python3.8/site-packages'
[6.040s] Level 1:colcon.colcon_core.environment:checking '/mnt/data/xgs/code/start/install/start/bin'
[6.041s] INFO:colcon.colcon_core.shell:Creating package script '/mnt/data/xgs/code/start/install/start/share/start/package.ps1'
[6.042s] INFO:colcon.colcon_core.shell:Creating package descriptor '/mnt/data/xgs/code/start/install/start/share/start/package.dsv'
[6.043s] INFO:colcon.colcon_core.shell:Creating package script '/mnt/data/xgs/code/start/install/start/share/start/package.sh'
[6.045s] INFO:colcon.colcon_core.shell:Creating package script '/mnt/data/xgs/code/start/install/start/share/start/package.bash'
[6.046s] INFO:colcon.colcon_core.shell:Creating package script '/mnt/data/xgs/code/start/install/start/share/start/package.zsh'
[6.047s] Level 1:colcon.colcon_core.environment:create_file_with_runtime_dependencies(/mnt/data/xgs/code/start/install/start/share/colcon-core/packages/start)
[6.111s] Level 1:colcon.colcon_core.environment:create_environment_scripts_only(start)
[6.112s] Level 1:colcon.colcon_core.environment:checking '/mnt/data/xgs/code/start/install/start' for CMake module files
[6.112s] Level 1:colcon.colcon_core.environment:checking '/mnt/data/xgs/code/start/install/start' for CMake config files
[6.112s] Level 1:colcon.colcon_core.shell:create_environment_hook('start', 'cmake_prefix_path')
[6.112s] INFO:colcon.colcon_core.shell:Creating environment hook '/mnt/data/xgs/code/start/install/start/share/start/hook/cmake_prefix_path.ps1'
[6.113s] INFO:colcon.colcon_core.shell:Creating environment descriptor '/mnt/data/xgs/code/start/install/start/share/start/hook/cmake_prefix_path.dsv'
[6.113s] INFO:colcon.colcon_core.shell:Creating environment hook '/mnt/data/xgs/code/start/install/start/share/start/hook/cmake_prefix_path.sh'
[6.114s] Level 1:colcon.colcon_core.environment:checking '/mnt/data/xgs/code/start/install/start/lib'
[6.114s] Level 1:colcon.colcon_core.environment:checking '/mnt/data/xgs/code/start/install/start/bin'
[6.114s] Level 1:colcon.colcon_core.environment:checking '/mnt/data/xgs/code/start/install/start/lib/pkgconfig/start.pc'
[6.114s] Level 1:colcon.colcon_core.environment:checking '/mnt/data/xgs/code/start/install/start/lib/python3.8/site-packages'
[6.114s] Level 1:colcon.colcon_core.environment:checking '/mnt/data/xgs/code/start/install/start/bin'
[6.114s] INFO:colcon.colcon_core.shell:Creating package script '/mnt/data/xgs/code/start/install/start/share/start/package.ps1'
[6.115s] INFO:colcon.colcon_core.shell:Creating package descriptor '/mnt/data/xgs/code/start/install/start/share/start/package.dsv'
[6.115s] INFO:colcon.colcon_core.shell:Creating package script '/mnt/data/xgs/code/start/install/start/share/start/package.sh'
[6.115s] INFO:colcon.colcon_core.shell:Creating package script '/mnt/data/xgs/code/start/install/start/share/start/package.bash'
[6.116s] INFO:colcon.colcon_core.shell:Creating package script '/mnt/data/xgs/code/start/install/start/share/start/package.zsh'
[6.116s] Level 1:colcon.colcon_core.environment:create_file_with_runtime_dependencies(/mnt/data/xgs/code/start/install/start/share/colcon-core/packages/start)
[6.116s] DEBUG:colcon.colcon_parallel_executor.executor.parallel:closing loop
[6.116s] DEBUG:colcon.colcon_parallel_executor.executor.parallel:loop closed
[6.116s] DEBUG:colcon.colcon_parallel_executor.executor.parallel:run_until_complete finished with '0'
[6.116s] DEBUG:colcon.colcon_core.event_reactor:joining thread
[6.121s] INFO:colcon.colcon_core.plugin_system:Skipping extension 'colcon_notification.desktop_notification.terminal_notifier': Not used on non-Darwin systems
[6.121s] INFO:colcon.colcon_core.plugin_system:Skipping extension 'colcon_notification.desktop_notification.win32': Not used on non-Windows systems
[6.121s] INFO:colcon.colcon_notification.desktop_notification:Sending desktop notification using 'notify2'
[31.146s] DEBUG:colcon.colcon_notification.desktop_notification.notify2:Failed to initialize notify2: org.freedesktop.DBus.Error.NoReply: Did not receive a reply. Possible causes include: the remote application did not send a reply, the message bus security policy blocked the reply, the reply timeout expired, or the network connection was broken.
[31.147s] DEBUG:colcon.colcon_core.event_reactor:joined thread
[31.148s] INFO:colcon.colcon_core.shell:Creating prefix script '/mnt/data/xgs/code/start/install/local_setup.ps1'
[31.151s] INFO:colcon.colcon_core.shell:Creating prefix util module '/mnt/data/xgs/code/start/install/_local_setup_util_ps1.py'
[31.152s] INFO:colcon.colcon_core.shell:Creating prefix chain script '/mnt/data/xgs/code/start/install/setup.ps1'
[31.153s] INFO:colcon.colcon_core.shell:Creating prefix script '/mnt/data/xgs/code/start/install/local_setup.sh'
[31.153s] INFO:colcon.colcon_core.shell:Creating prefix util module '/mnt/data/xgs/code/start/install/_local_setup_util_sh.py'
[31.154s] INFO:colcon.colcon_core.shell:Creating prefix chain script '/mnt/data/xgs/code/start/install/setup.sh'
[31.154s] INFO:colcon.colcon_core.shell:Creating prefix script '/mnt/data/xgs/code/start/install/local_setup.bash'
[31.155s] INFO:colcon.colcon_core.shell:Creating prefix chain script '/mnt/data/xgs/code/start/install/setup.bash'
[31.155s] INFO:colcon.colcon_core.shell:Creating prefix script '/mnt/data/xgs/code/start/install/local_setup.zsh'
[31.156s] INFO:colcon.colcon_core.shell:Creating prefix chain script '/mnt/data/xgs/code/start/install/setup.zsh'
