[0.013s] Invoking command in '/mnt/data/xgs/code/start/build/hello_word': CMAKE_PREFIX_PATH=/opt/ros/foxy CONDA_PROMPT_MODIFIER=(base) _=/usr/bin/env /usr/local/bin/cmake /mnt/data/xgs/code/start -DCMAKE_INSTALL_PREFIX=/mnt/data/xgs/code/start/install/hello_word
[0.042s] -- Found ament_cmake: 0.9.12 (/opt/ros/foxy/share/ament_cmake/cmake)
[0.058s] -- Using PYTHON_EXECUTABLE: /usr/local/anaconda3/bin/python3
[0.234s] -- Found ament_lint_auto: 0.9.8 (/opt/ros/foxy/share/ament_lint_auto/cmake)
[0.252s] Traceback (most recent call last):
[0.252s]   File "/opt/ros/foxy/share/ament_cmake_core/cmake/core/package_xml_2_cmake.py", line 21, in <module>
[0.252s]     from catkin_pkg.package import parse_package_string
[0.252s] ModuleNotFoundError: No module named 'catkin_pkg'
[0.254s] CMake Error at /opt/ros/foxy/share/ament_cmake_core/cmake/core/ament_package_xml.cmake:94 (message):
[0.254s]   execute_process(/usr/local/anaconda3/bin/python3
[0.254s]   /opt/ros/foxy/share/ament_cmake_core/cmake/core/package_xml_2_cmake.py
[0.254s]   /mnt/data/xgs/code/start/package.xml
[0.254s]   /mnt/data/xgs/code/start/build/hello_word/ament_cmake_core/package.cmake)
[0.254s]   returned error code 1
[0.254s] Call Stack (most recent call first):
[0.254s]   /opt/ros/foxy/share/ament_cmake_core/cmake/core/ament_package_xml.cmake:49 (_ament_package_xml)
[0.254s]   /opt/ros/foxy/share/ament_lint_auto/cmake/ament_lint_auto_find_test_dependencies.cmake:31 (ament_package_xml)
[0.255s]   CMakeLists.txt:23 (ament_lint_auto_find_test_dependencies)
[0.255s] 
[0.255s] 
[0.255s] -- Configuring incomplete, errors occurred!
[0.255s] See also "/mnt/data/xgs/code/start/build/hello_word/CMakeFiles/CMakeOutput.log".
[0.260s] Invoked command in '/mnt/data/xgs/code/start/build/hello_word' returned '1': CMAKE_PREFIX_PATH=/opt/ros/foxy CONDA_PROMPT_MODIFIER=(base) _=/usr/bin/env /usr/local/bin/cmake /mnt/data/xgs/code/start -DCMAKE_INSTALL_PREFIX=/mnt/data/xgs/code/start/install/hello_word
