[0.233s] DEBUG:colcon:Command line arguments: ['/usr/bin/colcon', 'build']
[0.233s] DEBUG:colcon:Parsed command line arguments: Namespace(allow_overriding=[], ament_cmake_args=None, base_paths=['.'], build_base='build', catkin_cmake_args=None, catkin_skip_building_tests=False, cmake_args=None, cmake_clean_cache=False, cmake_clean_first=False, cmake_force_configure=False, cmake_target=None, cmake_target_skip_unavailable=False, continue_on_error=False, event_handlers=None, executor='parallel', ignore_user_meta=False, install_base='install', log_base=None, log_level=None, main=<bound method BuildVerb.main of <colcon_core.verb.build.BuildVerb object at 0x7f662834b8e0>>, merge_install=False, metas=['./colcon.meta'], mixin=None, mixin_files=None, mixin_verb=('build',), packages_above=None, packages_above_and_dependencies=None, packages_above_depth=None, packages_end=None, packages_ignore=None, packages_ignore_regex=None, packages_select=None, packages_select_build_failed=False, packages_select_by_dep=None, packages_select_regex=None, packages_select_test_failures=False, packages_skip=None, packages_skip_build_finished=False, packages_skip_by_dep=None, packages_skip_regex=None, packages_skip_test_passed=False, packages_skip_up_to=None, packages_start=None, packages_up_to=None, packages_up_to_regex=None, parallel_workers=8, paths=None, symlink_install=False, test_result_base=None, verb_extension=<colcon_core.verb.build.BuildVerb object at 0x7f662834b8e0>, verb_name='build', verb_parser=<colcon_mixin.mixin.mixin_argument.MixinArgumentDecorator object at 0x7f66282da190>)
[0.273s] Level 1:colcon.colcon_core.package_discovery:discover_packages(colcon_meta) check parameters
[0.273s] Level 1:colcon.colcon_core.package_discovery:discover_packages(recursive) check parameters
[0.273s] Level 1:colcon.colcon_core.package_discovery:discover_packages(ignore) check parameters
[0.273s] Level 1:colcon.colcon_core.package_discovery:discover_packages(path) check parameters
[0.273s] Level 1:colcon.colcon_core.package_discovery:discover_packages(colcon_meta) discover
[0.273s] Level 1:colcon.colcon_core.package_discovery:discover_packages(recursive) discover
[0.273s] INFO:colcon.colcon_core.package_discovery:Crawling recursively for packages in '/mnt/data/xgs/code/start'
[0.273s] Level 1:colcon.colcon_core.package_identification:_identify(.) by extensions ['ignore', 'ignore_ament_install']
[0.273s] Level 1:colcon.colcon_core.package_identification:_identify(.) by extension 'ignore'
[0.273s] Level 1:colcon.colcon_core.package_identification:_identify(.) by extension 'ignore_ament_install'
[0.273s] Level 1:colcon.colcon_core.package_identification:_identify(.) by extensions ['colcon_pkg']
[0.273s] Level 1:colcon.colcon_core.package_identification:_identify(.) by extension 'colcon_pkg'
[0.273s] Level 1:colcon.colcon_core.package_identification:_identify(.) by extensions ['colcon_meta']
[0.273s] Level 1:colcon.colcon_core.package_identification:_identify(.) by extension 'colcon_meta'
[0.273s] Level 1:colcon.colcon_core.package_identification:_identify(.) by extensions ['ros']
[0.273s] Level 1:colcon.colcon_core.package_identification:_identify(.) by extension 'ros'
[0.287s] DEBUG:colcon.colcon_core.package_identification:Package '.' with type 'ros.ament_cmake' and name 'start'
[0.287s] Level 1:colcon.colcon_core.package_discovery:discover_packages(recursive) using defaults
[0.287s] Level 1:colcon.colcon_core.package_discovery:discover_packages(ignore) discover
[0.287s] Level 1:colcon.colcon_core.package_discovery:discover_packages(ignore) using defaults
[0.287s] Level 1:colcon.colcon_core.package_discovery:discover_packages(path) discover
[0.287s] Level 1:colcon.colcon_core.package_discovery:discover_packages(path) using defaults
[0.302s] Level 1:colcon.colcon_core.package_discovery:discover_packages(prefix_path) check parameters
[0.302s] Level 1:colcon.colcon_core.package_discovery:discover_packages(prefix_path) discover
[0.307s] DEBUG:colcon.colcon_installed_package_information.package_discovery:Found 1049 installed packages in /opt/ros/foxy
[0.311s] Level 1:colcon.colcon_core.package_discovery:discover_packages(prefix_path) using defaults
[0.438s] Level 5:colcon.colcon_core.verb:set package 'start' build argument 'cmake_args' from command line to 'None'
[0.438s] Level 5:colcon.colcon_core.verb:set package 'start' build argument 'cmake_target' from command line to 'None'
[0.438s] Level 5:colcon.colcon_core.verb:set package 'start' build argument 'cmake_target_skip_unavailable' from command line to 'False'
[0.438s] Level 5:colcon.colcon_core.verb:set package 'start' build argument 'cmake_clean_cache' from command line to 'False'
[0.438s] Level 5:colcon.colcon_core.verb:set package 'start' build argument 'cmake_clean_first' from command line to 'False'
[0.438s] Level 5:colcon.colcon_core.verb:set package 'start' build argument 'cmake_force_configure' from command line to 'False'
[0.438s] Level 5:colcon.colcon_core.verb:set package 'start' build argument 'ament_cmake_args' from command line to 'None'
[0.438s] Level 5:colcon.colcon_core.verb:set package 'start' build argument 'catkin_cmake_args' from command line to 'None'
[0.438s] Level 5:colcon.colcon_core.verb:set package 'start' build argument 'catkin_skip_building_tests' from command line to 'False'
[0.438s] DEBUG:colcon.colcon_core.verb:Building package 'start' with the following arguments: {'ament_cmake_args': None, 'build_base': '/mnt/data/xgs/code/start/build/start', 'catkin_cmake_args': None, 'catkin_skip_building_tests': False, 'cmake_args': None, 'cmake_clean_cache': False, 'cmake_clean_first': False, 'cmake_force_configure': False, 'cmake_target': None, 'cmake_target_skip_unavailable': False, 'install_base': '/mnt/data/xgs/code/start/install/start', 'merge_install': False, 'path': '/mnt/data/xgs/code/start', 'symlink_install': False, 'test_result_base': None}
[0.438s] INFO:colcon.colcon_core.executor:Executing jobs using 'parallel' executor
[0.439s] DEBUG:colcon.colcon_parallel_executor.executor.parallel:run_until_complete
[0.439s] INFO:colcon.colcon_ros.task.ament_cmake.build:Building ROS package in '/mnt/data/xgs/code/start' with build type 'ament_cmake'
[0.439s] INFO:colcon.colcon_cmake.task.cmake.build:Building CMake package in '/mnt/data/xgs/code/start'
[0.441s] INFO:colcon.colcon_core.plugin_system:Skipping extension 'colcon_core.shell.bat': Not used on non-Windows systems
[0.441s] INFO:colcon.colcon_core.shell:Skip shell extension 'powershell' for command environment: Not usable outside of PowerShell
[0.441s] DEBUG:colcon.colcon_core.shell:Skip shell extension 'dsv' for command environment
[0.452s] DEBUG:colcon.colcon_core.event_handler.log_command:Invoking command in '/mnt/data/xgs/code/start/build/start': CMAKE_PREFIX_PATH=/opt/ros/foxy CONDA_PROMPT_MODIFIER=(/home/xgs/anaconda3) _=/usr/bin/env /usr/local/bin/cmake /mnt/data/xgs/code/start -DCMAKE_INSTALL_PREFIX=/mnt/data/xgs/code/start/install/start
[0.706s] DEBUG:colcon.colcon_core.event_handler.log_command:Invoked command in '/mnt/data/xgs/code/start/build/start' returned '1': CMAKE_PREFIX_PATH=/opt/ros/foxy CONDA_PROMPT_MODIFIER=(/home/xgs/anaconda3) _=/usr/bin/env /usr/local/bin/cmake /mnt/data/xgs/code/start -DCMAKE_INSTALL_PREFIX=/mnt/data/xgs/code/start/install/start
[0.738s] Level 1:colcon.colcon_core.environment:create_environment_scripts_only(start)
[0.741s] Level 1:colcon.colcon_core.environment:checking '/mnt/data/xgs/code/start/install/start' for CMake module files
[0.742s] Level 1:colcon.colcon_core.environment:checking '/mnt/data/xgs/code/start/install/start' for CMake config files
[0.742s] Level 1:colcon.colcon_core.environment:checking '/mnt/data/xgs/code/start/install/start/bin'
[0.742s] Level 1:colcon.colcon_core.environment:checking '/mnt/data/xgs/code/start/install/start/lib/pkgconfig/start.pc'
[0.742s] Level 1:colcon.colcon_core.environment:checking '/mnt/data/xgs/code/start/install/start/lib/python3.8/site-packages'
[0.743s] Level 1:colcon.colcon_core.environment:checking '/mnt/data/xgs/code/start/install/start/bin'
[0.743s] INFO:colcon.colcon_core.shell:Creating package script '/mnt/data/xgs/code/start/install/start/share/start/package.ps1'
[0.743s] INFO:colcon.colcon_core.shell:Creating package descriptor '/mnt/data/xgs/code/start/install/start/share/start/package.dsv'
[0.744s] INFO:colcon.colcon_core.shell:Creating package script '/mnt/data/xgs/code/start/install/start/share/start/package.sh'
[0.744s] INFO:colcon.colcon_core.shell:Creating package script '/mnt/data/xgs/code/start/install/start/share/start/package.bash'
[0.745s] INFO:colcon.colcon_core.shell:Creating package script '/mnt/data/xgs/code/start/install/start/share/start/package.zsh'
[0.745s] Level 1:colcon.colcon_core.environment:create_file_with_runtime_dependencies(/mnt/data/xgs/code/start/install/start/share/colcon-core/packages/start)
[0.756s] DEBUG:colcon.colcon_parallel_executor.executor.parallel:closing loop
[0.756s] DEBUG:colcon.colcon_parallel_executor.executor.parallel:loop closed
[0.756s] DEBUG:colcon.colcon_parallel_executor.executor.parallel:run_until_complete finished with '1'
[0.756s] DEBUG:colcon.colcon_core.event_reactor:joining thread
[0.761s] INFO:colcon.colcon_core.plugin_system:Skipping extension 'colcon_notification.desktop_notification.terminal_notifier': Not used on non-Darwin systems
[0.761s] INFO:colcon.colcon_core.plugin_system:Skipping extension 'colcon_notification.desktop_notification.win32': Not used on non-Windows systems
[0.761s] INFO:colcon.colcon_notification.desktop_notification:Sending desktop notification using 'notify2'
[25.787s] DEBUG:colcon.colcon_notification.desktop_notification.notify2:Failed to initialize notify2: org.freedesktop.DBus.Error.NoReply: Did not receive a reply. Possible causes include: the remote application did not send a reply, the message bus security policy blocked the reply, the reply timeout expired, or the network connection was broken.
[25.787s] DEBUG:colcon.colcon_core.event_reactor:joined thread
[25.789s] INFO:colcon.colcon_core.shell:Creating prefix script '/mnt/data/xgs/code/start/install/local_setup.ps1'
[25.793s] INFO:colcon.colcon_core.shell:Creating prefix util module '/mnt/data/xgs/code/start/install/_local_setup_util_ps1.py'
[25.794s] INFO:colcon.colcon_core.shell:Creating prefix chain script '/mnt/data/xgs/code/start/install/setup.ps1'
[25.794s] INFO:colcon.colcon_core.shell:Creating prefix script '/mnt/data/xgs/code/start/install/local_setup.sh'
[25.795s] INFO:colcon.colcon_core.shell:Creating prefix util module '/mnt/data/xgs/code/start/install/_local_setup_util_sh.py'
[25.795s] INFO:colcon.colcon_core.shell:Creating prefix chain script '/mnt/data/xgs/code/start/install/setup.sh'
[25.796s] INFO:colcon.colcon_core.shell:Creating prefix script '/mnt/data/xgs/code/start/install/local_setup.bash'
[25.796s] INFO:colcon.colcon_core.shell:Creating prefix chain script '/mnt/data/xgs/code/start/install/setup.bash'
[25.797s] INFO:colcon.colcon_core.shell:Creating prefix script '/mnt/data/xgs/code/start/install/local_setup.zsh'
[25.798s] INFO:colcon.colcon_core.shell:Creating prefix chain script '/mnt/data/xgs/code/start/install/setup.zsh'
